<?xml version="1.0" encoding="UTF-8"?>
<!-- Generated by org.testng.reporters.JUnitReportReporter -->
<testsuite name="com.xxx.ib.prj.pages.LoginPage" tests="1" time="0.000" ignored="0" failures="0" timestamp="21 Dec 2019 05:18:02 GMT" skipped="1" hostname="HOME-PC" errors="0">
  <testcase name="openPage" time="0.000" classname="com.xxx.ib.prj.pages.LoginPage">
    <skipped/>
  </testcase> <!-- openPage -->
</testsuite> <!-- com.xxx.ib.prj.pages.LoginPage -->
