<?xml version="1.0" encoding="UTF-8"?>
<!-- Generated by org.testng.reporters.JUnitReportReporter -->
<testsuite name="com.mnc.ib.tests.FbLoginTest" tests="1" time="65.821" ignored="0" failures="0" timestamp="10 Jan 2020 17:28:21 GMT" skipped="0" hostname="HOME-PC" errors="0">
  <testcase name="fbLogin" time="65.821" classname="com.mnc.ib.tests.FbLoginTest"/>
</testsuite> <!-- com.mnc.ib.tests.FbLoginTest -->
