<?xml version="1.0" encoding="UTF-8"?>
<!-- Generated by org.testng.reporters.JUnitReportReporter -->
<testsuite name="com.mnc.ib.tests.FbLoginTest" tests="1" time="50.913" ignored="0" failures="0" timestamp="29 Dec 2019 11:31:57 GMT" skipped="0" hostname="HOME-PC" errors="0">
  <testcase name="fbLogin" time="50.913" classname="com.mnc.ib.tests.FbLoginTest"/>
</testsuite> <!-- com.mnc.ib.tests.FbLoginTest -->
