<?xml version="1.0" encoding="UTF-8"?>
<!-- Generated by org.testng.reporters.JUnitReportReporter -->
<testsuite name="com.xxx.ib.prj.tests.SampleTest" tests="1" time="14.685" ignored="0" failures="0" timestamp="21 Dec 2019 05:25:23 GMT" skipped="0" hostname="HOME-PC" errors="0">
  <testcase name="firstTest" time="14.685" classname="com.xxx.ib.prj.tests.SampleTest"/>
</testsuite> <!-- com.xxx.ib.prj.tests.SampleTest -->
