<?xml version="1.0" encoding="UTF-8"?>
<!-- Generated by org.testng.reporters.JUnitReportReporter -->
<testsuite name="com.xxx.ib.prj.tests.FbLoginTest" tests="1" time="44.572" ignored="0" failures="0" timestamp="29 Dec 2019 09:14:36 GMT" skipped="0" hostname="HOME-PC" errors="0">
  <testcase name="fbLogin" time="44.572" classname="com.xxx.ib.prj.tests.FbLoginTest"/>
</testsuite> <!-- com.xxx.ib.prj.tests.FbLoginTest -->
