<?xml version="1.0" encoding="UTF-8"?>
<!-- Generated by org.testng.reporters.JUnitReportReporter -->
<testsuite name="com.mnc.ib.tests.FbLoginTest" tests="1" time="62.334" ignored="0" failures="0" timestamp="29 Dec 2019 12:58:15 GMT" skipped="0" hostname="HOME-PC" errors="0">
  <testcase name="fbLogin" time="62.334" classname="com.mnc.ib.tests.FbLoginTest"/>
</testsuite> <!-- com.mnc.ib.tests.FbLoginTest -->
